[debug] [2025-01-21T17:56:44.622Z] ----------------------------------------------------------------------
[debug] [2025-01-21T17:56:44.624Z] Command:       C:\Program Files\nodejs\node.exe C:\Users\youse\AppData\Roaming\npm\node_modules\firebase-tools\lib\bin\firebase.js init
[debug] [2025-01-21T17:56:44.625Z] CLI Version:   13.29.1
[debug] [2025-01-21T17:56:44.625Z] Platform:      win32
[debug] [2025-01-21T17:56:44.625Z] Node Version:  v22.12.0
[debug] [2025-01-21T17:56:44.625Z] Time:          Tue Jan 21 2025 12:56:44 GMT-0500 (Eastern Standard Time)
[debug] [2025-01-21T17:56:44.625Z] ----------------------------------------------------------------------
[debug] 
[debug] [2025-01-21T17:56:44.627Z] >>> [apiv2][query] GET https://firebase-public.firebaseio.com/cli.json [none]
[debug] [2025-01-21T17:56:44.660Z] > command requires scopes: ["email","openid","https://www.googleapis.com/auth/cloudplatformprojects.readonly","https://www.googleapis.com/auth/firebase","https://www.googleapis.com/auth/cloud-platform"]
[debug] [2025-01-21T17:56:44.660Z] > authorizing via signed-in user (yousefahmed5283@gmail.com)
[info] 
     ######## #### ########  ######## ########     ###     ######  ########
     ##        ##  ##     ## ##       ##     ##  ##   ##  ##       ##
     ######    ##  ########  ######   ########  #########  ######  ######
     ##        ##  ##    ##  ##       ##     ## ##     ##       ## ##
     ##       #### ##     ## ######## ########  ##     ##  ######  ########

You're about to initialize a Firebase project in this directory:

  C:\MyFolders\VS codes\Flutter Course\lib\fit-main\fit-main

Before we get started, keep in mind:

  * You are currently outside your home directory

[debug] [2025-01-21T17:56:45.124Z] <<< [apiv2][status] GET https://firebase-public.firebaseio.com/cli.json 200
[debug] [2025-01-21T17:56:45.125Z] <<< [apiv2][body] GET https://firebase-public.firebaseio.com/cli.json {"cloudBuildErrorAfter":1594252800000,"cloudBuildWarnAfter":1590019200000,"defaultNode10After":1594252800000,"minVersion":"3.0.5","node8DeploysDisabledAfter":1613390400000,"node8RuntimeDisabledAfter":1615809600000,"node8WarnAfter":1600128000000}
[info] 
=== Project Setup
[info] 
[info] First, let's associate this project directory with a Firebase project.
[info] You can create multiple project aliases by running firebase use --add, 
[info] but for now we'll just set up a default project.
[info] 
[info] i  If you want to create a project in a Google Cloud organization or folder, please use "firebase projects:create" instead, and return to this command when you've created the project. 
[debug] [2025-01-21T17:57:36.932Z] Checked if tokens are valid: false, expires at: 1735921836123
[debug] [2025-01-21T17:57:36.932Z] Checked if tokens are valid: false, expires at: 1735921836123
[debug] [2025-01-21T17:57:36.932Z] > refreshing access token with scopes: []
[debug] [2025-01-21T17:57:36.934Z] >>> [apiv2][query] POST https://www.googleapis.com/oauth2/v3/token [none]
[debug] [2025-01-21T17:57:36.934Z] >>> [apiv2][body] POST https://www.googleapis.com/oauth2/v3/token [omitted]
[debug] [2025-01-21T17:57:37.240Z] <<< [apiv2][status] POST https://www.googleapis.com/oauth2/v3/token 200
[debug] [2025-01-21T17:57:37.240Z] <<< [apiv2][body] POST https://www.googleapis.com/oauth2/v3/token [omitted]
[debug] [2025-01-21T17:57:37.250Z] >>> [apiv2][query] POST https://cloudresourcemanager.googleapis.com/v1/projects [none]
[debug] [2025-01-21T17:57:37.250Z] >>> [apiv2][body] POST https://cloudresourcemanager.googleapis.com/v1/projects {"projectId":"FinalProject","name":"FinalProject"}
[debug] [2025-01-21T17:57:38.245Z] <<< [apiv2][status] POST https://cloudresourcemanager.googleapis.com/v1/projects 400
[debug] [2025-01-21T17:57:38.245Z] <<< [apiv2][body] POST https://cloudresourcemanager.googleapis.com/v1/projects {"error":{"code":400,"message":"field [project_id] has issue [project_id contains invalid characters]","status":"INVALID_ARGUMENT","details":[{"@type":"type.googleapis.com/google.rpc.BadRequest","fieldViolations":[{"field":"project_id","description":"project_id contains invalid characters"}]},{"@type":"type.googleapis.com/google.rpc.Help","links":[{"url":"https://cloud.google.com/resource-manager/reference/rest/v1/projects"}]}]}}
[debug] [2025-01-21T17:57:38.537Z] FirebaseError: Request to https://cloudresourcemanager.googleapis.com/v1/projects had HTTP Error: 400, field [project_id] has issue [project_id contains invalid characters]
    at responseToError (C:\Users\youse\AppData\Roaming\npm\node_modules\firebase-tools\lib\responseToError.js:52:12)
    at RetryOperation._fn (C:\Users\youse\AppData\Roaming\npm\node_modules\firebase-tools\lib\apiv2.js:312:77)
    at process.processTicksAndRejections (node:internal/process/task_queues:105:5)
[error] 
[error] Error: Failed to create project. See firebase-debug.log for more info.
